<?xml version="1.0" encoding="UTF-8"?>
<!-- Generated by org.testng.reporters.JUnitReportReporter -->
<testsuite hostname="PRINHYLTPDL0729" name="com.pramati.test.SerachProduct" tests="1" failures="0" timestamp="4 Oct 2017 10:35:00 GMT" time="17.299" errors="0">
  <testcase name="myntra_Sign" time="17.299" classname="com.pramati.test.SerachProduct"/>
</testsuite> <!-- com.pramati.test.SerachProduct -->
