<?xml version="1.0" encoding="UTF-8"?>
<!-- Generated by org.testng.reporters.JUnitReportReporter -->
<testsuite hostname="PRINHYLTPDL0729" name="com.pramati.test.ApplicationLoginTest" tests="1" failures="0" timestamp="14 Sep 2017 08:30:59 GMT" time="19.680" errors="0">
  <testcase name="LoginMyntra" time="19.680" classname="com.pramati.test.ApplicationLoginTest"/>
</testsuite> <!-- com.pramati.test.ApplicationLoginTest -->
