<?xml version="1.0" encoding="UTF-8"?>
<!-- Generated by org.testng.reporters.JUnitReportReporter -->
<testsuite hostname="PRINHYLTPDL0729" name="com.pramati.test.SignUpFormTest" tests="2" failures="0" timestamp="15 Sep 2017 07:56:07 GMT" time="50.229" errors="0">
  <testcase name="mSign" time="23.912" classname="com.pramati.test.SignUpFormTest"/>
  <testcase name="mLogout" time="26.317" classname="com.pramati.test.SignUpFormTest"/>
</testsuite> <!-- com.pramati.test.SignUpFormTest -->
