<?xml version="1.0" encoding="UTF-8"?>
<!-- Generated by org.testng.reporters.JUnitReportReporter -->
<testsuite hostname="PRINHYLTPDL0729" name="com.pramati.test.ApplicationLoginTest" tests="1" failures="0" timestamp="12 Sep 2017 02:46:36 GMT" time="0.737" errors="0">
  <testcase name="LoginMyntra" time="0.737" classname="com.pramati.test.ApplicationLoginTest"/>
</testsuite> <!-- com.pramati.test.ApplicationLoginTest -->
